<?xml version="1.0" encoding="UTF-8"?>
<testsuite name="ru.nsu.pronin.MainTest" tests="1" skipped="0" failures="0" errors="0" timestamp="2024-09-23T00:30:39" hostname="DESKTOP-JGHT4H6" time="0.029">
  <properties/>
  <testcase name="testMainClass()" classname="ru.nsu.pronin.MainTest" time="0.029"/>
  <system-out><![CDATA[1 2 3 4 5 6 7 8 9 ]]></system-out>
  <system-err><![CDATA[]]></system-err>
</testsuite>
